Getting requirements to build wheel: finished with status 'error'
  error: subprocess-exited-with-error
  
  Ã— Getting requirements to build wheel did not run successfully.
  â”‚ exit code: 1
  â•°â”€> [26 lines of output]
      Traceback (most recent call last):
        File "<string>", line 10, in <module>
      ModuleNotFoundError: No module named 'OpenSSL'
      
      During handling of the above exception, another exception occurred:
      
      Traceback (most recent call last):
        File "/opt/render/project/src/.venv/lib/python3.11/site-packages/pip/_vendor/pyproject_hooks/_in_process/_in_process.py", line 353, in <module>
          main()
        File "/opt/render/project/src/.venv/lib/python3.11/site-packages/pip/_vendor/pyproject_hooks/_in_process/_in_process.py", line 335, in main
          json_out['return_val'] = hook(**hook_input['kwargs'])
                                   ^^^^^^^^^^^^^^^^^^^^^^^^^^^^
        File "/opt/render/project/src/.venv/lib/python3.11/site-packages/pip/_vendor/pyproject_hooks/_in_process/_in_process.py", line 118, in get_requires_for_build_wheel
          return hook(config_settings)
                 ^^^^^^^^^^^^^^^^^^^^^
        File "/tmp/pip-build-env-94r3trcc/overlay/lib/python3.11/site-packages/setuptools/build_meta.py", line 334, in get_requires_for_build_wheel
          return self._get_build_requires(config_settings, requirements=[])
                 ^^^^^^^^^^^^^^^^^^^^^^^^^^^^^^^^^^^^^^^^^^^^^^^^^^^^^^^^^^
        File "/tmp/pip-build-env-94r3trcc/overlay/lib/python3.11/site-packages/setuptools/build_meta.py", line 304, in _get_build_requires
          self.run_setup()
        File "/tmp/pip-build-env-94r3trcc/overlay/lib/python3.11/site-packages/setuptools/build_meta.py", line 522, in run_setup
          super().run_setup(setup_script=setup_script)
        File "/tmp/pip-build-env-94r3trcc/overlay/lib/python3.11/site-packages/setuptools/build_meta.py", line 320, in run_setup
          exec(code, locals())
        File "<string>", line 12, in <module>
      ImportError: Installing this module requires OpenSSL python bindings
      [end of output]
  
  note: This error originates from a subprocess, and is likely not a problem with pip.
error: subprocess-exited-with-error
Ã— Getting requirements to build wheel did not run successfully.
â”‚ exit code: 1
â•°â”€> See above for output.
note: This error originates from a subprocess, and is likely not a problem with pip.
[notice] A new release of pip is available: 24.0 -> 25.0.1
[notice] To update, run: pip install --upgrade pip
==> Build failed ðŸ˜ž