 Docs on specifying a Poetry version: https://render.com/docs/poetry-version
==> Running build command 'pip install -r requirement.txt'...
Collecting Flask==3.1.0 (from -r requirement.txt (line 1))
  Downloading flask-3.1.0-py3-none-any.whl.metadata (2.7 kB)
Collecting Flask-Login==0.6.3 (from -r requirement.txt (line 2))
  Downloading Flask_Login-0.6.3-py3-none-any.whl.metadata (5.8 kB)
Collecting Flask-SQLAlchemy==3.1.1 (from -r requirement.txt (line 3))
  Downloading flask_sqlalchemy-3.1.1-py3-none-any.whl.metadata (3.4 kB)
Collecting Flask-WTF==1.2.2 (from -r requirement.txt (line 4))
  Downloading flask_wtf-1.2.2-py3-none-any.whl.metadata (3.4 kB)
Collecting pyopenssl (from -r requirement.txt (line 5))
  Downloading pyOpenSSL-25.0.0-py3-none-any.whl.metadata (16 kB)
Collecting Werkzeug==3.1.3 (from -r requirement.txt (line 6))
  Downloading werkzeug-3.1.3-py3-none-any.whl.metadata (3.7 kB)
Collecting SQLAlchemy==2.0.40 (from -r requirement.txt (line 7))
  Downloading sqlalchemy-2.0.40-cp311-cp311-manylinux_2_17_x86_64.manylinux2014_x86_64.whl.metadata (9.6 kB)
Collecting WTForms==3.2.1 (from -r requirement.txt (line 8))
  Downloading wtforms-3.2.1-py3-none-any.whl.metadata (5.3 kB)
Collecting gunicorn==23.0.0 (from -r requirement.txt (line 9))
  Downloading gunicorn-23.0.0-py3-none-any.whl.metadata (4.4 kB)
Collecting psycopg2-binary==2.9.10 (from -r requirement.txt (line 10))
  Downloading psycopg2_binary-2.9.10-cp311-cp311-manylinux_2_17_x86_64.manylinux2014_x86_64.whl.metadata (4.9 kB)
Collecting email-validator==2.2.0 (from -r requirement.txt (line 11))
  Downloading email_validator-2.2.0-py3-none-any.whl.metadata (25 kB)
Collecting python-dateutil==2.8.2 (from -r requirement.txt (line 12))
  Downloading python_dateutil-2.8.2-py2.py3-none-any.whl.metadata (8.2 kB)
Collecting secrets==1.0.2 (from -r requirement.txt (line 13))
  Downloading secrets-1.0.2.tar.gz (7.9 kB)
  Installing build dependencies: started
  Installing build dependencies: finished with status 'done'
  Getting requirements to build wheel: started
  Getting requirements to build wheel: finished with status 'error'
  error: subprocess-exited-with-error
  
  Ã— Getting requirements to build wheel did not run successfully.
  â”‚ exit code: 1
  â•°â”€> [26 lines of output]
      Traceback (most recent call last):
        File "<string>", line 10, in <module>
      ModuleNotFoundError: No module named 'OpenSSL'
      
      During handling of the above exception, another exception occurred:
      
      Traceback (most recent call last):
        File "/opt/render/project/src/.venv/lib/python3.11/site-packages/pip/_vendor/pyproject_hooks/_in_process/_in_process.py", line 353, in <module>
          main()
        File "/opt/render/project/src/.venv/lib/python3.11/site-packages/pip/_vendor/pyproject_hooks/_in_process/_in_process.py", line 335, in main
          json_out['return_val'] = hook(**hook_input['kwargs'])
                                   ^^^^^^^^^^^^^^^^^^^^^^^^^^^^
        File "/opt/render/project/src/.venv/lib/python3.11/site-packages/pip/_vendor/pyproject_hooks/_in_process/_in_process.py", line 118, in get_requires_for_build_wheel
          return hook(config_settings)
                 ^^^^^^^^^^^^^^^^^^^^^
        File "/tmp/pip-build-env-emo3vn7s/overlay/lib/python3.11/site-packages/setuptools/build_meta.py", line 334, in get_requires_for_build_wheel
          return self._get_build_requires(config_settings, requirements=[])
                 ^^^^^^^^^^^^^^^^^^^^^^^^^^^^^^^^^^^^^^^^^^^^^^^^^^^^^^^^^^
        File "/tmp/pip-build-env-emo3vn7s/overlay/lib/python3.11/site-packages/setuptools/build_meta.py", line 304, in _get_build_requires
          self.run_setup()
        File "/tmp/pip-build-env-emo3vn7s/overlay/lib/python3.11/site-packages/setuptools/build_meta.py", line 522, in run_setup
          super().run_setup(setup_script=setup_script)
        File "/tmp/pip-build-env-emo3vn7s/overlay/lib/python3.11/site-packages/setuptools/build_meta.py", line 320, in run_setup
          exec(code, locals())
        File "<string>", line 12, in <module>
      ImportError: Installing this module requires OpenSSL python bindings
      [end of output]
  
  note: This error originates from a subprocess, and is likely not a problem with pip.
error: subprocess-exited-with-error
Ã— Getting requirements to build wheel did not run successfully.
â”‚ exit code: 1
â•°â”€> See above for output.
note: This error originates from a subprocess, and is likely not a problem with pip.
[notice] A new release of pip is available: 24.0 -> 25.0.1
[notice] To update, run: pip install --upgrade pip
==> Build failed ðŸ˜ž